# JRE version: OpenJDK Runtime Environment Temurin-21.0.9+10 (21.0.9+10) (build 21.0.9+10-LTS)
# Java VM: OpenJDK 64-Bit Server VM Temurin-21.0.9+10 (21.0.9+10-LTS, mixed mode, sharing, tiered, compressed oops, compressed class ptrs, parallel gc, windows-amd64)
GC Precious Log:
 CardTable entry size: 512
 CPUs: 4 total, 4 available
 Memory: 8072M
 Large Page Support: Disabled
 NUMA Support: Disabled
 Compressed Oops: Enabled (32-bit)
 Alignments: Space 512K, Generation 512K, Heap 2M
 Heap Min Capacity: 100M
 Heap Initial Capacity: 100M
 Heap Max Capacity: 2G
 Pre-touch: Disabled
 Parallel Workers: 4
Heap:
 PSYoungGen      total 2560K, used 1723K [0x00000000d5580000, 0x00000000d5880000, 0x0000000100000000)
  eden space 2048K, 73% used [0x00000000d5580000,0x00000000d56f85e8,0x00000000d5780000)
  from space 512K, 42% used [0x00000000d5780000,0x00000000d57b6900,0x00000000d5800000)
  to   space 512K, 0% used [0x00000000d5800000,0x00000000d5800000,0x00000000d5880000)
 ParOldGen       total 1286656K, used 1286462K [0x0000000080000000, 0x00000000ce880000, 0x00000000d5580000)
  object space 1286656K, 99% used [0x0000000080000000,0x00000000ce84fae0,0x00000000ce880000)
 Metaspace       used 90861K, committed 92800K, reserved 1179648K
  class space    used 9351K, committed 10240K, reserved 1048576K
GC Heap History (20 events):
Event: 534.234 GC heap before
{Heap before GC invocations=1968 (full 4):
 PSYoungGen      total 2048K, used 1781K [0x00000000d5580000, 0x00000000d5900000, 0x0000000100000000)
  eden space 1024K, 100% used [0x00000000d5580000,0x00000000d5680000,0x00000000d5680000)
  from space 1024K, 73% used [0x00000000d5680000,0x00000000d573d580,0x00000000d5780000)
  to   space 1024K, 0% used [0x00000000d5800000,0x00000000d5800000,0x00000000d5900000)
 ParOldGen       total 1283072K, used 1282862K [0x0000000080000000, 0x00000000ce500000, 0x00000000d5580000)
  object space 1283072K, 99% used [0x0000000080000000,0x00000000ce4cb858,0x00000000ce500000)
 Metaspace       used 90826K, committed 92800K, reserved 1179648K
  class space    used 9351K, committed 10240K, reserved 1048576K
}
Event: 534.240 GC heap after
{Heap after GC invocations=1968 (full 4):
 PSYoungGen      total 1536K, used 1000K [0x00000000d5580000, 0x00000000d5b00000, 0x0000000100000000)
  eden space 512K, 0% used [0x00000000d5580000,0x00000000d5580000,0x00000000d5600000)
  from space 1024K, 97% used [0x00000000d5800000,0x00000000d58fa390,0x00000000d5900000)
  to   space 2048K, 0% used [0x00000000d5600000,0x00000000d5600000,0x00000000d5800000)
 ParOldGen       total 1283584K, used 1283579K [0x0000000080000000, 0x00000000ce580000, 0x00000000d5580000)
  object space 1283584K, 99% used [0x0000000080000000,0x00000000ce57ec98,0x00000000ce580000)
 Metaspace       used 90826K, committed 92800K, reserved 1179648K
  class space    used 9351K, committed 10240K, reserved 1048576K
}
Event: 534.249 GC heap before
{Heap before GC invocations=1969 (full 4):
 PSYoungGen      total 1536K, used 1471K [0x00000000d5580000, 0x00000000d5b00000, 0x0000000100000000)
  eden space 512K, 91% used [0x00000000d5580000,0x00000000d55f58a8,0x00000000d5600000)
  from space 1024K, 97% used [0x00000000d5800000,0x00000000d58fa390,0x00000000d5900000)
  to   space 2048K, 0% used [0x00000000d5600000,0x00000000d5600000,0x00000000d5800000)
 ParOldGen       total 1283584K, used 1283579K [0x0000000080000000, 0x00000000ce580000, 0x00000000d5580000)
  object space 1283584K, 99% used [0x0000000080000000,0x00000000ce57ec98,0x00000000ce580000)
 Metaspace       used 90826K, committed 92800K, reserved 1179648K
  class space    used 9351K, committed 10240K, reserved 1048576K
}
Event: 534.254 GC heap after
{Heap after GC invocations=1969 (full 4):
 PSYoungGen      total 1024K, used 421K [0x00000000d5580000, 0x00000000d5880000, 0x0000000100000000)
  eden space 512K, 0% used [0x00000000d5580000,0x00000000d5580000,0x00000000d5600000)
  from space 512K, 82% used [0x00000000d5600000,0x00000000d56694e0,0x00000000d5680000)
  to   space 1024K, 0% used [0x00000000d5780000,0x00000000d5780000,0x00000000d5880000)
 ParOldGen       total 1285120K, used 1284554K [0x0000000080000000, 0x00000000ce700000, 0x00000000d5580000)
  object space 1285120K, 99% used [0x0000000080000000,0x00000000ce672948,0x00000000ce700000)
 Metaspace       used 90826K, committed 92800K, reserved 1179648K
  class space    used 9351K, committed 10240K, reserved 1048576K
}
Event: 534.259 GC heap before
{Heap before GC invocations=1970 (full 4):
 PSYoungGen      total 1024K, used 933K [0x00000000d5580000, 0x00000000d5880000, 0x0000000100000000)
  eden space 512K, 100% used [0x00000000d5580000,0x00000000d5600000,0x00000000d5600000)
  from space 512K, 82% used [0x00000000d5600000,0x00000000d56694e0,0x00000000d5680000)
  to   space 1024K, 0% used [0x00000000d5780000,0x00000000d5780000,0x00000000d5880000)
 ParOldGen       total 1285120K, used 1284554K [0x0000000080000000, 0x00000000ce700000, 0x00000000d5580000)
  object space 1285120K, 99% used [0x0000000080000000,0x00000000ce672948,0x00000000ce700000)
 Metaspace       used 90826K, committed 92800K, reserved 1179648K
  class space    used 9351K, committed 10240K, reserved 1048576K
}
Event: 534.266 GC heap after
{Heap after GC invocations=1970 (full 4):
 PSYoungGen      total 2048K, used 477K [0x00000000d5580000, 0x00000000d5880000, 0x0000000100000000)
  eden space 1024K, 0% used [0x00000000d5580000,0x00000000d5580000,0x00000000d5680000)
  from space 1024K, 46% used [0x00000000d5780000,0x00000000d57f7490,0x00000000d5880000)
  to   space 1024K, 0% used [0x00000000d5680000,0x00000000d5680000,0x00000000d5780000)
 ParOldGen       total 1285120K, used 1284901K [0x0000000080000000, 0x00000000ce700000, 0x00000000d5580000)
  object space 1285120K, 99% used [0x0000000080000000,0x00000000ce6c96d8,0x00000000ce700000)
 Metaspace       used 90826K, committed 92800K, reserved 1179648K
  class space    used 9351K, committed 10240K, reserved 1048576K
}
Event: 534.281 GC heap before
{Heap before GC invocations=1971 (full 4):
 PSYoungGen      total 2048K, used 1501K [0x00000000d5580000, 0x00000000d5880000, 0x0000000100000000)
  eden space 1024K, 100% used [0x00000000d5580000,0x00000000d5680000,0x00000000d5680000)
  from space 1024K, 46% used [0x00000000d5780000,0x00000000d57f7490,0x00000000d5880000)
  to   space 1024K, 0% used [0x00000000d5680000,0x00000000d5680000,0x00000000d5780000)
 ParOldGen       total 1285120K, used 1284901K [0x0000000080000000, 0x00000000ce700000, 0x00000000d5580000)
  object space 1285120K, 99% used [0x0000000080000000,0x00000000ce6c96d8,0x00000000ce700000)
 Metaspace       used 90826K, committed 92800K, reserved 1179648K
  class space    used 9351K, committed 10240K, reserved 1048576K
}
Event: 534.289 GC heap after
{Heap after GC invocations=1971 (full 4):
 PSYoungGen      total 2048K, used 544K [0x00000000d5580000, 0x00000000d5900000, 0x0000000100000000)
  eden space 1024K, 0% used [0x00000000d5580000,0x00000000d5580000,0x00000000d5680000)
  from space 1024K, 53% used [0x00000000d5680000,0x00000000d5708000,0x00000000d5780000)
  to   space 1024K, 0% used [0x00000000d5800000,0x00000000d5800000,0x00000000d5900000)
 ParOldGen       total 1285632K, used 1285308K [0x0000000080000000, 0x00000000ce780000, 0x00000000d5580000)
  object space 1285632K, 99% used [0x0000000080000000,0x00000000ce72f138,0x00000000ce780000)
 Metaspace       used 90826K, committed 92800K, reserved 1179648K
  class space    used 9351K, committed 10240K, reserved 1048576K
}
Event: 534.318 GC heap before
{Heap before GC invocations=1972 (full 4):
 PSYoungGen      total 2048K, used 1568K [0x00000000d5580000, 0x00000000d5900000, 0x0000000100000000)
  eden space 1024K, 100% used [0x00000000d5580000,0x00000000d5680000,0x00000000d5680000)
  from space 1024K, 53% used [0x00000000d5680000,0x00000000d5708000,0x00000000d5780000)
  to   space 1024K, 0% used [0x00000000d5800000,0x00000000d5800000,0x00000000d5900000)
 ParOldGen       total 1285632K, used 1285308K [0x0000000080000000, 0x00000000ce780000, 0x00000000d5580000)
  object space 1285632K, 99% used [0x0000000080000000,0x00000000ce72f138,0x00000000ce780000)
 Metaspace       used 90826K, committed 92800K, reserved 1179648K
  class space    used 9351K, committed 10240K, reserved 1048576K
}
Event: 534.326 GC heap after
{Heap after GC invocations=1972 (full 4):
 PSYoungGen      total 2048K, used 352K [0x00000000d5580000, 0x00000000d5880000, 0x0000000100000000)
  eden space 1536K, 0% used [0x00000000d5580000,0x00000000d5580000,0x00000000d5700000)
  from space 512K, 68% used [0x00000000d5800000,0x00000000d5858000,0x00000000d5880000)
  to   space 512K, 0% used [0x00000000d5780000,0x00000000d5780000,0x00000000d5800000)
 ParOldGen       total 1286144K, used 1285788K [0x0000000080000000, 0x00000000ce800000, 0x00000000d5580000)
  object space 1286144K, 99% used [0x0000000080000000,0x00000000ce7a7138,0x00000000ce800000)
 Metaspace       used 90826K, committed 92800K, reserved 1179648K
  class space    used 9351K, committed 10240K, reserved 1048576K
}
Event: 548.438 GC heap before
{Heap before GC invocations=1973 (full 4):
 PSYoungGen      total 2048K, used 1888K [0x00000000d5580000, 0x00000000d5880000, 0x0000000100000000)
  eden space 1536K, 100% used [0x00000000d5580000,0x00000000d5700000,0x00000000d5700000)
  from space 512K, 68% used [0x00000000d5800000,0x00000000d5858000,0x00000000d5880000)
  to   space 512K, 0% used [0x00000000d5780000,0x00000000d5780000,0x00000000d5800000)
 ParOldGen       total 1286144K, used 1285788K [0x0000000080000000, 0x00000000ce800000, 0x00000000d5580000)
  object space 1286144K, 99% used [0x0000000080000000,0x00000000ce7a7138,0x00000000ce800000)
 Metaspace       used 90828K, committed 92800K, reserved 1179648K
  class space    used 9351K, committed 10240K, reserved 1048576K
}
Event: 548.445 GC heap after
{Heap after GC invocations=1973 (full 4):
 PSYoungGen      total 2560K, used 320K [0x00000000d5580000, 0x00000000d5880000, 0x0000000100000000)
  eden space 2048K, 0% used [0x00000000d5580000,0x00000000d5580000,0x00000000d5780000)
  from space 512K, 62% used [0x00000000d5780000,0x00000000d57d0000,0x00000000d5800000)
  to   space 512K, 0% used [0x00000000d5800000,0x00000000d5800000,0x00000000d5880000)
 ParOldGen       total 1286144K, used 1286044K [0x0000000080000000, 0x00000000ce800000, 0x00000000d5580000)
  object space 1286144K, 99% used [0x0000000080000000,0x00000000ce7e7138,0x00000000ce800000)
 Metaspace       used 90828K, committed 92800K, reserved 1179648K
  class space    used 9351K, committed 10240K, reserved 1048576K
}
Event: 654.969 GC heap before
{Heap before GC invocations=1974 (full 4):
 PSYoungGen      total 2560K, used 2367K [0x00000000d5580000, 0x00000000d5880000, 0x0000000100000000)
  eden space 2048K, 99% used [0x00000000d5580000,0x00000000d577fff8,0x00000000d5780000)
  from space 512K, 62% used [0x00000000d5780000,0x00000000d57d0000,0x00000000d5800000)
  to   space 512K, 0% used [0x00000000d5800000,0x00000000d5800000,0x00000000d5880000)
 ParOldGen       total 1286144K, used 1286044K [0x0000000080000000, 0x00000000ce800000, 0x00000000d5580000)
  object space 1286144K, 99% used [0x0000000080000000,0x00000000ce7e7138,0x00000000ce800000)
 Metaspace       used 90849K, committed 92800K, reserved 1179648K
  class space    used 9351K, committed 10240K, reserved 1048576K
}
Event: 654.975 GC heap after
{Heap after GC invocations=1974 (full 4):
 PSYoungGen      total 2560K, used 192K [0x00000000d5580000, 0x00000000d5880000, 0x0000000100000000)
  eden space 2048K, 0% used [0x00000000d5580000,0x00000000d5580000,0x00000000d5780000)
  from space 512K, 37% used [0x00000000d5800000,0x00000000d5830000,0x00000000d5880000)
  to   space 512K, 0% used [0x00000000d5780000,0x00000000d5780000,0x00000000d5800000)
 ParOldGen       total 1286656K, used 1286334K [0x0000000080000000, 0x00000000ce880000, 0x00000000d5580000)
  object space 1286656K, 99% used [0x0000000080000000,0x00000000ce82fae0,0x00000000ce880000)
 Metaspace       used 90849K, committed 92800K, reserved 1179648K
  class space    used 9351K, committed 10240K, reserved 1048576K
}
Event: 697.649 GC heap before
{Heap before GC invocations=1975 (full 4):
 PSYoungGen      total 2560K, used 2240K [0x00000000d5580000, 0x00000000d5880000, 0x0000000100000000)
  eden space 2048K, 100% used [0x00000000d5580000,0x00000000d5780000,0x00000000d5780000)
  from space 512K, 37% used [0x00000000d5800000,0x00000000d5830000,0x00000000d5880000)
  to   space 512K, 0% used [0x00000000d5780000,0x00000000d5780000,0x00000000d5800000)
 ParOldGen       total 1286656K, used 1286334K [0x0000000080000000, 0x00000000ce880000, 0x00000000d5580000)
  object space 1286656K, 99% used [0x0000000080000000,0x00000000ce82fae0,0x00000000ce880000)
 Metaspace       used 90852K, committed 92800K, reserved 1179648K
  class space    used 9351K, committed 10240K, reserved 1048576K
}
Event: 697.656 GC heap after
{Heap after GC invocations=1975 (full 4):
 PSYoungGen      total 2560K, used 410K [0x00000000d5580000, 0x00000000d5880000, 0x0000000100000000)
  eden space 2048K, 0% used [0x00000000d5580000,0x00000000d5580000,0x00000000d5780000)
  from space 512K, 80% used [0x00000000d5780000,0x00000000d57e6900,0x00000000d5800000)
  to   space 512K, 0% used [0x00000000d5800000,0x00000000d5800000,0x00000000d5880000)
 ParOldGen       total 1286656K, used 1286382K [0x0000000080000000, 0x00000000ce880000, 0x00000000d5580000)
  object space 1286656K, 99% used [0x0000000080000000,0x00000000ce83bae0,0x00000000ce880000)
 Metaspace       used 90852K, committed 92800K, reserved 1179648K
  class space    used 9351K, committed 10240K, reserved 1048576K
}
Event: 697.693 GC heap before
{Heap before GC invocations=1976 (full 4):
 PSYoungGen      total 2560K, used 2458K [0x00000000d5580000, 0x00000000d5880000, 0x0000000100000000)
  eden space 2048K, 100% used [0x00000000d5580000,0x00000000d5780000,0x00000000d5780000)
  from space 512K, 80% used [0x00000000d5780000,0x00000000d57e6900,0x00000000d5800000)
  to   space 512K, 0% used [0x00000000d5800000,0x00000000d5800000,0x00000000d5880000)
 ParOldGen       total 1286656K, used 1286382K [0x0000000080000000, 0x00000000ce880000, 0x00000000d5580000)
  object space 1286656K, 99% used [0x0000000080000000,0x00000000ce83bae0,0x00000000ce880000)
 Metaspace       used 90855K, committed 92800K, reserved 1179648K
  class space    used 9351K, committed 10240K, reserved 1048576K
}
Event: 697.698 GC heap after
{Heap after GC invocations=1976 (full 4):
 PSYoungGen      total 2560K, used 314K [0x00000000d5580000, 0x00000000d5880000, 0x0000000100000000)
  eden space 2048K, 0% used [0x00000000d5580000,0x00000000d5580000,0x00000000d5780000)
  from space 512K, 61% used [0x00000000d5800000,0x00000000d584e900,0x00000000d5880000)
  to   space 512K, 0% used [0x00000000d5780000,0x00000000d5780000,0x00000000d5800000)
 ParOldGen       total 1286656K, used 1286406K [0x0000000080000000, 0x00000000ce880000, 0x00000000d5580000)
  object space 1286656K, 99% used [0x0000000080000000,0x00000000ce841ae0,0x00000000ce880000)
 Metaspace       used 90855K, committed 92800K, reserved 1179648K
  class space    used 9351K, committed 10240K, reserved 1048576K
}
Event: 697.748 GC heap before
{Heap before GC invocations=1977 (full 4):
 PSYoungGen      total 2560K, used 2357K [0x00000000d5580000, 0x00000000d5880000, 0x0000000100000000)
  eden space 2048K, 99% used [0x00000000d5580000,0x00000000d577ec10,0x00000000d5780000)
  from space 512K, 61% used [0x00000000d5800000,0x00000000d584e900,0x00000000d5880000)
  to   space 512K, 0% used [0x00000000d5780000,0x00000000d5780000,0x00000000d5800000)
 ParOldGen       total 1286656K, used 1286406K [0x0000000080000000, 0x00000000ce880000, 0x00000000d5580000)
  object space 1286656K, 99% used [0x0000000080000000,0x00000000ce841ae0,0x00000000ce880000)
 Metaspace       used 90859K, committed 92800K, reserved 1179648K
  class space    used 9351K, committed 10240K, reserved 1048576K
}
Event: 697.755 GC heap after
{Heap after GC invocations=1977 (full 4):
 PSYoungGen      total 2560K, used 218K [0x00000000d5580000, 0x00000000d5880000, 0x0000000100000000)
  eden space 2048K, 0% used [0x00000000d5580000,0x00000000d5580000,0x00000000d5780000)
  from space 512K, 42% used [0x00000000d5780000,0x00000000d57b6900,0x00000000d5800000)
  to   space 512K, 0% used [0x00000000d5800000,0x00000000d5800000,0x00000000d5880000)
 ParOldGen       total 1286656K, used 1286462K [0x0000000080000000, 0x00000000ce880000, 0x00000000d5580000)
  object space 1286656K, 99% used [0x0000000080000000,0x00000000ce84fae0,0x00000000ce880000)
 Metaspace       used 90859K, committed 92800K, reserved 1179648K
  class space    used 9351K, committed 10240K, reserved 1048576K
}

